

Started GET "/" for 152.7.224.8 at 2016-02-26 19:54:20 -0500

ActiveRecord::PendingMigrationError (

Migrations are pending. To resolve this issue, run:

	bin/rake db:migrate RAILS_ENV=development

):
  activerecord (4.2.2) lib/active_record/migration.rb:393:in `check_pending!'
  activerecord (4.2.2) lib/active_record/migration.rb:374:in `call'
  actionpack (4.2.2) lib/action_dispatch/middleware/callbacks.rb:29:in `block in call'
  activesupport (4.2.2) lib/active_support/callbacks.rb:88:in `call'
  activesupport (4.2.2) lib/active_support/callbacks.rb:88:in `_run_callbacks'
  activesupport (4.2.2) lib/active_support/callbacks.rb:776:in `_run_call_callbacks'
  activesupport (4.2.2) lib/active_support/callbacks.rb:81:in `run_callbacks'
  actionpack (4.2.2) lib/action_dispatch/middleware/callbacks.rb:27:in `call'
  actionpack (4.2.2) lib/action_dispatch/middleware/reloader.rb:73:in `call'
  actionpack (4.2.2) lib/action_dispatch/middleware/remote_ip.rb:78:in `call'
  web-console (2.0.0.beta3) lib/action_dispatch/debug_exceptions.rb:18:in `middleware_call'
  web-console (2.0.0.beta3) lib/action_dispatch/debug_exceptions.rb:13:in `call'
  actionpack (4.2.2) lib/action_dispatch/middleware/show_exceptions.rb:30:in `call'
  railties (4.2.2) lib/rails/rack/logger.rb:38:in `call_app'
  railties (4.2.2) lib/rails/rack/logger.rb:20:in `block in call'
  activesupport (4.2.2) lib/active_support/tagged_logging.rb:68:in `block in tagged'
  activesupport (4.2.2) lib/active_support/tagged_logging.rb:26:in `tagged'
  activesupport (4.2.2) lib/active_support/tagged_logging.rb:68:in `tagged'
  railties (4.2.2) lib/rails/rack/logger.rb:20:in `call'
  actionpack (4.2.2) lib/action_dispatch/middleware/request_id.rb:21:in `call'
  rack (1.6.4) lib/rack/methodoverride.rb:22:in `call'
  rack (1.6.4) lib/rack/runtime.rb:18:in `call'
  activesupport (4.2.2) lib/active_support/cache/strategy/local_cache_middleware.rb:28:in `call'
  rack (1.6.4) lib/rack/lock.rb:17:in `call'
  actionpack (4.2.2) lib/action_dispatch/middleware/static.rb:113:in `call'
  rack (1.6.4) lib/rack/sendfile.rb:113:in `call'
  railties (4.2.2) lib/rails/engine.rb:518:in `call'
  railties (4.2.2) lib/rails/application.rb:164:in `call'
  rack (1.6.4) lib/rack/lock.rb:17:in `call'
  rack (1.6.4) lib/rack/content_length.rb:15:in `call'
  rack (1.6.4) lib/rack/handler/webrick.rb:88:in `service'
  /home/yjin6/.rvm/rubies/ruby-2.2.1/lib/ruby/2.2.0/webrick/httpserver.rb:138:in `service'
  /home/yjin6/.rvm/rubies/ruby-2.2.1/lib/ruby/2.2.0/webrick/httpserver.rb:94:in `run'
  /home/yjin6/.rvm/rubies/ruby-2.2.1/lib/ruby/2.2.0/webrick/server.rb:294:in `block in start_thread'


  Rendered /home/yjin6/.rvm/gems/ruby-2.2.1/gems/web-console-2.0.0.beta3/lib/action_dispatch/templates/rescues/_source.erb (7.0ms)
  Rendered /home/yjin6/.rvm/gems/ruby-2.2.1/gems/web-console-2.0.0.beta3/lib/action_dispatch/templates/rescues/_trace.html.erb (4.0ms)
  Rendered /home/yjin6/.rvm/gems/ruby-2.2.1/gems/web-console-2.0.0.beta3/lib/action_dispatch/templates/rescues/_request_and_response.html.erb (1.8ms)
  Rendered /home/yjin6/.rvm/gems/ruby-2.2.1/gems/web-console-2.0.0.beta3/lib/action_dispatch/templates/rescues/_web_console.html.erb (1.6ms)
  Rendered /home/yjin6/.rvm/gems/ruby-2.2.1/gems/web-console-2.0.0.beta3/lib/action_dispatch/templates/rescues/diagnostics.html.erb within rescues/layout (71.8ms)


Started GET "/" for 152.7.224.8 at 2016-02-26 19:54:21 -0500

ActiveRecord::PendingMigrationError (

Migrations are pending. To resolve this issue, run:

	bin/rake db:migrate RAILS_ENV=development

):
  activerecord (4.2.2) lib/active_record/migration.rb:393:in `check_pending!'
  activerecord (4.2.2) lib/active_record/migration.rb:374:in `call'
  actionpack (4.2.2) lib/action_dispatch/middleware/callbacks.rb:29:in `block in call'
  activesupport (4.2.2) lib/active_support/callbacks.rb:88:in `call'
  activesupport (4.2.2) lib/active_support/callbacks.rb:88:in `_run_callbacks'
  activesupport (4.2.2) lib/active_support/callbacks.rb:776:in `_run_call_callbacks'
  activesupport (4.2.2) lib/active_support/callbacks.rb:81:in `run_callbacks'
  actionpack (4.2.2) lib/action_dispatch/middleware/callbacks.rb:27:in `call'
  actionpack (4.2.2) lib/action_dispatch/middleware/reloader.rb:73:in `call'
  actionpack (4.2.2) lib/action_dispatch/middleware/remote_ip.rb:78:in `call'
  web-console (2.0.0.beta3) lib/action_dispatch/debug_exceptions.rb:18:in `middleware_call'
  web-console (2.0.0.beta3) lib/action_dispatch/debug_exceptions.rb:13:in `call'
  actionpack (4.2.2) lib/action_dispatch/middleware/show_exceptions.rb:30:in `call'
  railties (4.2.2) lib/rails/rack/logger.rb:38:in `call_app'
  railties (4.2.2) lib/rails/rack/logger.rb:20:in `block in call'
  activesupport (4.2.2) lib/active_support/tagged_logging.rb:68:in `block in tagged'
  activesupport (4.2.2) lib/active_support/tagged_logging.rb:26:in `tagged'
  activesupport (4.2.2) lib/active_support/tagged_logging.rb:68:in `tagged'
  railties (4.2.2) lib/rails/rack/logger.rb:20:in `call'
  actionpack (4.2.2) lib/action_dispatch/middleware/request_id.rb:21:in `call'
  rack (1.6.4) lib/rack/methodoverride.rb:22:in `call'
  rack (1.6.4) lib/rack/runtime.rb:18:in `call'
  activesupport (4.2.2) lib/active_support/cache/strategy/local_cache_middleware.rb:28:in `call'
  rack (1.6.4) lib/rack/lock.rb:17:in `call'
  actionpack (4.2.2) lib/action_dispatch/middleware/static.rb:113:in `call'
  rack (1.6.4) lib/rack/sendfile.rb:113:in `call'
  railties (4.2.2) lib/rails/engine.rb:518:in `call'
  railties (4.2.2) lib/rails/application.rb:164:in `call'
  rack (1.6.4) lib/rack/lock.rb:17:in `call'
  rack (1.6.4) lib/rack/content_length.rb:15:in `call'
  rack (1.6.4) lib/rack/handler/webrick.rb:88:in `service'
  /home/yjin6/.rvm/rubies/ruby-2.2.1/lib/ruby/2.2.0/webrick/httpserver.rb:138:in `service'
  /home/yjin6/.rvm/rubies/ruby-2.2.1/lib/ruby/2.2.0/webrick/httpserver.rb:94:in `run'
  /home/yjin6/.rvm/rubies/ruby-2.2.1/lib/ruby/2.2.0/webrick/server.rb:294:in `block in start_thread'


  Rendered /home/yjin6/.rvm/gems/ruby-2.2.1/gems/web-console-2.0.0.beta3/lib/action_dispatch/templates/rescues/_source.erb (6.8ms)
  Rendered /home/yjin6/.rvm/gems/ruby-2.2.1/gems/web-console-2.0.0.beta3/lib/action_dispatch/templates/rescues/_trace.html.erb (17.7ms)
  Rendered /home/yjin6/.rvm/gems/ruby-2.2.1/gems/web-console-2.0.0.beta3/lib/action_dispatch/templates/rescues/_request_and_response.html.erb (1.8ms)
  Rendered /home/yjin6/.rvm/gems/ruby-2.2.1/gems/web-console-2.0.0.beta3/lib/action_dispatch/templates/rescues/_web_console.html.erb (1.6ms)
  Rendered /home/yjin6/.rvm/gems/ruby-2.2.1/gems/web-console-2.0.0.beta3/lib/action_dispatch/templates/rescues/diagnostics.html.erb within rescues/layout (58.2ms)


Started GET "/" for 152.7.224.8 at 2016-02-26 19:54:24 -0500

ActiveRecord::PendingMigrationError (

Migrations are pending. To resolve this issue, run:

	bin/rake db:migrate RAILS_ENV=development

):
  activerecord (4.2.2) lib/active_record/migration.rb:393:in `check_pending!'
  activerecord (4.2.2) lib/active_record/migration.rb:374:in `call'
  actionpack (4.2.2) lib/action_dispatch/middleware/callbacks.rb:29:in `block in call'
  activesupport (4.2.2) lib/active_support/callbacks.rb:88:in `call'
  activesupport (4.2.2) lib/active_support/callbacks.rb:88:in `_run_callbacks'
  activesupport (4.2.2) lib/active_support/callbacks.rb:776:in `_run_call_callbacks'
  activesupport (4.2.2) lib/active_support/callbacks.rb:81:in `run_callbacks'
  actionpack (4.2.2) lib/action_dispatch/middleware/callbacks.rb:27:in `call'
  actionpack (4.2.2) lib/action_dispatch/middleware/reloader.rb:73:in `call'
  actionpack (4.2.2) lib/action_dispatch/middleware/remote_ip.rb:78:in `call'
  web-console (2.0.0.beta3) lib/action_dispatch/debug_exceptions.rb:18:in `middleware_call'
  web-console (2.0.0.beta3) lib/action_dispatch/debug_exceptions.rb:13:in `call'
  actionpack (4.2.2) lib/action_dispatch/middleware/show_exceptions.rb:30:in `call'
  railties (4.2.2) lib/rails/rack/logger.rb:38:in `call_app'
  railties (4.2.2) lib/rails/rack/logger.rb:20:in `block in call'
  activesupport (4.2.2) lib/active_support/tagged_logging.rb:68:in `block in tagged'
  activesupport (4.2.2) lib/active_support/tagged_logging.rb:26:in `tagged'
  activesupport (4.2.2) lib/active_support/tagged_logging.rb:68:in `tagged'
  railties (4.2.2) lib/rails/rack/logger.rb:20:in `call'
  actionpack (4.2.2) lib/action_dispatch/middleware/request_id.rb:21:in `call'
  rack (1.6.4) lib/rack/methodoverride.rb:22:in `call'
  rack (1.6.4) lib/rack/runtime.rb:18:in `call'
  activesupport (4.2.2) lib/active_support/cache/strategy/local_cache_middleware.rb:28:in `call'
  rack (1.6.4) lib/rack/lock.rb:17:in `call'
  actionpack (4.2.2) lib/action_dispatch/middleware/static.rb:113:in `call'
  rack (1.6.4) lib/rack/sendfile.rb:113:in `call'
  railties (4.2.2) lib/rails/engine.rb:518:in `call'
  railties (4.2.2) lib/rails/application.rb:164:in `call'
  rack (1.6.4) lib/rack/lock.rb:17:in `call'
  rack (1.6.4) lib/rack/content_length.rb:15:in `call'
  rack (1.6.4) lib/rack/handler/webrick.rb:88:in `service'
  /home/yjin6/.rvm/rubies/ruby-2.2.1/lib/ruby/2.2.0/webrick/httpserver.rb:138:in `service'
  /home/yjin6/.rvm/rubies/ruby-2.2.1/lib/ruby/2.2.0/webrick/httpserver.rb:94:in `run'
  /home/yjin6/.rvm/rubies/ruby-2.2.1/lib/ruby/2.2.0/webrick/server.rb:294:in `block in start_thread'


  Rendered /home/yjin6/.rvm/gems/ruby-2.2.1/gems/web-console-2.0.0.beta3/lib/action_dispatch/templates/rescues/_source.erb (13.3ms)
  Rendered /home/yjin6/.rvm/gems/ruby-2.2.1/gems/web-console-2.0.0.beta3/lib/action_dispatch/templates/rescues/_trace.html.erb (7.5ms)
  Rendered /home/yjin6/.rvm/gems/ruby-2.2.1/gems/web-console-2.0.0.beta3/lib/action_dispatch/templates/rescues/_request_and_response.html.erb (3.1ms)
  Rendered /home/yjin6/.rvm/gems/ruby-2.2.1/gems/web-console-2.0.0.beta3/lib/action_dispatch/templates/rescues/_web_console.html.erb (2.7ms)
  Rendered /home/yjin6/.rvm/gems/ruby-2.2.1/gems/web-console-2.0.0.beta3/lib/action_dispatch/templates/rescues/diagnostics.html.erb within rescues/layout (84.1ms)


Started PUT "/console/repl_sessions/3" for 152.7.224.8 at 2016-02-26 19:54:27 -0500


Started PUT "/console/repl_sessions/3" for 152.7.224.8 at 2016-02-26 19:54:27 -0500
  [1m[36m (79.3ms)[0m  [1mCREATE TABLE "schema_migrations" ("version" varchar NOT NULL) [0m
  [1m[35m (0.2ms)[0m  select sqlite_version(*)
  [1m[36m (85.3ms)[0m  [1mCREATE UNIQUE INDEX "unique_schema_migrations" ON "schema_migrations" ("version")[0m
  [1m[35mActiveRecord::SchemaMigration Load (0.3ms)[0m  SELECT "schema_migrations".* FROM "schema_migrations"
Migrating to CreateUsers (20160224051538)
  [1m[36m (0.2ms)[0m  [1mbegin transaction[0m
  [1m[35m (1.6ms)[0m  CREATE TABLE "users" ("id" INTEGER PRIMARY KEY AUTOINCREMENT NOT NULL, "name" varchar, "email" varchar, "type" varchar, "created_at" datetime NOT NULL, "updated_at" datetime NOT NULL) 
  [1m[36mSQL (1.2ms)[0m  [1mINSERT INTO "schema_migrations" ("version") VALUES (?)[0m  [["version", "20160224051538"]]
  [1m[35m (78.4ms)[0m  commit transaction
Migrating to AddPasswordDigestToUsers (20160224051650)
  [1m[36m (0.2ms)[0m  [1mbegin transaction[0m
  [1m[35m (1.5ms)[0m  ALTER TABLE "users" ADD "password_digest" varchar
  [1m[36mSQL (1.0ms)[0m  [1mINSERT INTO "schema_migrations" ("version") VALUES (?)[0m  [["version", "20160224051650"]]
  [1m[35m (79.2ms)[0m  commit transaction
Migrating to AddIndexToUsersEmail (20160224051737)
  [1m[36m (0.3ms)[0m  [1mbegin transaction[0m
  [1m[35m (1.4ms)[0m  CREATE UNIQUE INDEX "index_users_on_email" ON "users" ("email")
  [1m[36mSQL (1.0ms)[0m  [1mINSERT INTO "schema_migrations" ("version") VALUES (?)[0m  [["version", "20160224051737"]]
  [1m[35m (80.3ms)[0m  commit transaction
Migrating to CreateCourses (20160224161733)
  [1m[36m (0.2ms)[0m  [1mbegin transaction[0m
  [1m[35m (1.5ms)[0m  CREATE TABLE "courses" ("id" INTEGER PRIMARY KEY AUTOINCREMENT NOT NULL, "course_number" integer, "title" varchar, "description" varchar, "start_date" date, "end_date" date, "status" varchar, "created_at" datetime NOT NULL, "updated_at" datetime NOT NULL) 
  [1m[36mSQL (1.0ms)[0m  [1mINSERT INTO "schema_migrations" ("version") VALUES (?)[0m  [["version", "20160224161733"]]
  [1m[35m (78.2ms)[0m  commit transaction
Migrating to AddIndexToCoursesCourseNumber (20160224162218)
  [1m[36m (0.2ms)[0m  [1mbegin transaction[0m
  [1m[35m (1.6ms)[0m  CREATE UNIQUE INDEX "index_courses_on_course_number" ON "courses" ("course_number")
  [1m[36mSQL (1.2ms)[0m  [1mINSERT INTO "schema_migrations" ("version") VALUES (?)[0m  [["version", "20160224162218"]]
  [1m[35m (78.0ms)[0m  commit transaction
Migrating to CreateEnrollments (20160224200401)
  [1m[36m (0.2ms)[0m  [1mbegin transaction[0m
  [1m[35m (1.8ms)[0m  CREATE TABLE "enrollments" ("id" INTEGER PRIMARY KEY AUTOINCREMENT NOT NULL, "user_id" integer, "course_id" integer, "grade" integer, "status" varchar, "created_at" datetime NOT NULL, "updated_at" datetime NOT NULL) 
  [1m[36mSQL (1.2ms)[0m  [1mINSERT INTO "schema_migrations" ("version") VALUES (?)[0m  [["version", "20160224200401"]]
  [1m[35m (78.1ms)[0m  commit transaction
Migrating to CreateMaterials (20160226183918)
  [1m[36m (0.3ms)[0m  [1mbegin transaction[0m
  [1m[35m (2.2ms)[0m  CREATE TABLE "materials" ("id" INTEGER PRIMARY KEY AUTOINCREMENT NOT NULL, "title" varchar, "description" varchar, "course_id" integer, "created_at" datetime NOT NULL, "updated_at" datetime NOT NULL) 
  [1m[36mSQL (1.2ms)[0m  [1mINSERT INTO "schema_migrations" ("version") VALUES (?)[0m  [["version", "20160226183918"]]
  [1m[35m (77.8ms)[0m  commit transaction
  [1m[36mActiveRecord::SchemaMigration Load (0.4ms)[0m  [1mSELECT "schema_migrations".* FROM "schema_migrations"[0m
  [1m[35m (0.5ms)[0m              SELECT sql
            FROM sqlite_master
            WHERE name='index_courses_on_course_number' AND type='index'
            UNION ALL
            SELECT sql
            FROM sqlite_temp_master
            WHERE name='index_courses_on_course_number' AND type='index'

  [1m[36m (0.4ms)[0m  [1m            SELECT sql
            FROM sqlite_master
            WHERE name='index_users_on_email' AND type='index'
            UNION ALL
            SELECT sql
            FROM sqlite_temp_master
            WHERE name='index_users_on_email' AND type='index'
[0m


Started GET "/" for 152.7.224.8 at 2016-02-26 19:55:02 -0500
  [1m[36mActiveRecord::SchemaMigration Load (0.5ms)[0m  [1mSELECT "schema_migrations".* FROM "schema_migrations"[0m
Processing by StaticPagesController#home as HTML
  Rendered static_pages/home.html.erb within layouts/application (3.8ms)
  [1m[35mUser Load (0.3ms)[0m  SELECT  "users".* FROM "users" WHERE "users"."id" IS NULL LIMIT 1
  Rendered layouts/_header.html.erb (29.7ms)
  Rendered layouts/_footer.html.erb (1.1ms)
Completed 200 OK in 11393ms (Views: 11362.6ms | ActiveRecord: 0.6ms)


Started GET "/" for 152.7.224.8 at 2016-02-26 19:55:13 -0500
Processing by StaticPagesController#home as HTML
  Rendered static_pages/home.html.erb within layouts/application (0.8ms)
  [1m[36mUser Load (0.4ms)[0m  [1mSELECT  "users".* FROM "users" WHERE "users"."id" IS NULL LIMIT 1[0m
  Rendered layouts/_header.html.erb (3.4ms)
  Rendered layouts/_footer.html.erb (0.6ms)
Completed 200 OK in 190ms (Views: 187.1ms | ActiveRecord: 0.4ms)


Started GET "/assets/custom.self-b55d81cc4c34f255079e769180adf408a5d9144ece9a744535898307590300bb.css?body=1" for 152.7.224.8 at 2016-02-26 19:55:14 -0500


Started GET "/assets/enrollments.self-e3b0c44298fc1c149afbf4c8996fb92427ae41e4649b934ca495991b7852b855.css?body=1" for 152.7.224.8 at 2016-02-26 19:55:14 -0500


Started GET "/assets/static_pages.self-e3b0c44298fc1c149afbf4c8996fb92427ae41e4649b934ca495991b7852b855.css?body=1" for 152.7.224.8 at 2016-02-26 19:55:14 -0500


Started GET "/assets/scaffolds.self-374417ae0ad985de8c47b3ad2e149c4ab5f5a825076384bc99dfff3f3d6c88ba.css?body=1" for 152.7.224.8 at 2016-02-26 19:55:14 -0500


Started GET "/assets/materials.self-e3b0c44298fc1c149afbf4c8996fb92427ae41e4649b934ca495991b7852b855.css?body=1" for 152.7.224.8 at 2016-02-26 19:55:14 -0500


Started GET "/assets/sessions.self-e3b0c44298fc1c149afbf4c8996fb92427ae41e4649b934ca495991b7852b855.css?body=1" for 152.7.224.8 at 2016-02-26 19:55:14 -0500


Started GET "/assets/users.self-e3b0c44298fc1c149afbf4c8996fb92427ae41e4649b934ca495991b7852b855.css?body=1" for 152.7.224.8 at 2016-02-26 19:55:14 -0500


Started GET "/assets/jquery.self-d03a5518f45df77341bdbe6201ba3bfa547ebba8ed64f0ea56bfa5f96ea7c074.js?body=1" for 152.7.224.8 at 2016-02-26 19:55:14 -0500


Started GET "/assets/jquery_ujs.self-8e98a7a072a6cee1372d19fff9ff3e6aa1e39a37d89d6f06861637d061113ee7.js?body=1" for 152.7.224.8 at 2016-02-26 19:55:14 -0500


Started GET "/assets/turbolinks.self-c846e670826600e8c91b1a5ada3e6547110d996cd6ff24cde55024f7a135a1b4.js?body=1" for 152.7.224.8 at 2016-02-26 19:55:14 -0500


Started GET "/assets/enrollments.self-877aef30ae1b040ab8a3aba4e3e309a11d7f2612f44dde450b5c157aa5f95c05.js?body=1" for 152.7.224.8 at 2016-02-26 19:55:14 -0500


Started GET "/assets/bootstrap.self-cdea7efeac1597b89ddd6fd86b0e8e0bec5d5fb1fac9c6e8a045f2c59eef2d13.js?body=1" for 152.7.224.8 at 2016-02-26 19:55:14 -0500


Started GET "/assets/materials.self-877aef30ae1b040ab8a3aba4e3e309a11d7f2612f44dde450b5c157aa5f95c05.js?body=1" for 152.7.224.8 at 2016-02-26 19:55:14 -0500


Started GET "/assets/sessions.self-877aef30ae1b040ab8a3aba4e3e309a11d7f2612f44dde450b5c157aa5f95c05.js?body=1" for 152.7.224.8 at 2016-02-26 19:55:14 -0500


Started GET "/assets/static_pages.self-877aef30ae1b040ab8a3aba4e3e309a11d7f2612f44dde450b5c157aa5f95c05.js?body=1" for 152.7.224.8 at 2016-02-26 19:55:14 -0500


Started GET "/assets/users.self-877aef30ae1b040ab8a3aba4e3e309a11d7f2612f44dde450b5c157aa5f95c05.js?body=1" for 152.7.224.8 at 2016-02-26 19:55:14 -0500


Started GET "/assets/application.self-f8806224e027f3e3f0138ea9ce99319e298dfdb323304d1f1be6eae8e8c74724.js?body=1" for 152.7.224.8 at 2016-02-26 19:55:14 -0500


Started GET "/users/new?type=Student" for 152.7.224.8 at 2016-02-26 19:55:24 -0500
Processing by UsersController#new as HTML
  Parameters: {"type"=>"Student"}
  Rendered users/_form.html.erb (74.3ms)
  Rendered users/new.html.erb within layouts/application (81.8ms)
  [1m[35mUser Load (0.4ms)[0m  SELECT  "users".* FROM "users" WHERE "users"."id" IS NULL LIMIT 1
  Rendered layouts/_header.html.erb (8.2ms)
  Rendered layouts/_footer.html.erb (1.8ms)
Completed 200 OK in 314ms (Views: 290.9ms | ActiveRecord: 1.4ms)


Started GET "/users/new?type=Student" for 152.7.224.8 at 2016-02-26 19:55:37 -0500
Processing by UsersController#new as HTML
  Parameters: {"type"=>"Student"}
  Rendered users/_form.html.erb (8.6ms)
  Rendered users/new.html.erb within layouts/application (12.9ms)
  [1m[36mUser Load (0.3ms)[0m  [1mSELECT  "users".* FROM "users" WHERE "users"."id" IS NULL LIMIT 1[0m
  Rendered layouts/_header.html.erb (2.8ms)
  Rendered layouts/_footer.html.erb (0.4ms)
Completed 200 OK in 211ms (Views: 209.0ms | ActiveRecord: 0.3ms)


Started POST "/users" for 152.7.224.8 at 2016-02-26 19:55:46 -0500
Processing by UsersController#create as HTML
  Parameters: {"utf8"=>"✓", "authenticity_token"=>"fUQrNMu1YNu7GYLclsrGXTGLZPWjAg5Q5HJOe8ruaPvd6tKj4P06oLj9jxWCa7K7GW1mGP23ME9I+5P069Mxcg==", "user"=>{"name"=>"abc", "email"=>"11@11.com", "password"=>"[FILTERED]", "password_confirmation"=>"[FILTERED]", "type"=>"Student"}, "commit"=>"Create new account"}
  [1m[35m (0.2ms)[0m  begin transaction
  [1m[36mUser Exists (0.4ms)[0m  [1mSELECT  1 AS one FROM "users" WHERE LOWER("users"."email") = LOWER('11@11.com') LIMIT 1[0m
  [1m[35mSQL (1.5ms)[0m  INSERT INTO "users" ("type", "name", "email", "password_digest", "created_at", "updated_at") VALUES (?, ?, ?, ?, ?, ?)  [["type", "Student"], ["name", "abc"], ["email", "11@11.com"], ["password_digest", "$2a$10$MUp1Kzo3LAlmNAZbYwQ1ION5MJ//g5JqrTvqYkrHgzeABd49aWnWK"], ["created_at", "2016-02-27 00:55:46.950501"], ["updated_at", "2016-02-27 00:55:46.950501"]]
  [1m[36m (99.3ms)[0m  [1mcommit transaction[0m
  [1m[35mUser Load (0.5ms)[0m  SELECT  "users".* FROM "users" WHERE "users"."id" IS NULL LIMIT 1
Redirected to http://98.26.8.120:434/users/1
Completed 302 Found in 318ms (ActiveRecord: 101.9ms)


Started GET "/users/1" for 152.7.224.8 at 2016-02-26 19:55:47 -0500
Processing by UsersController#show as HTML
  Parameters: {"id"=>"1"}
  [1m[36mUser Load (0.6ms)[0m  [1mSELECT  "users".* FROM "users" WHERE "users"."id" = ? LIMIT 1[0m  [["id", 1]]
  [1m[35mCACHE (0.1ms)[0m  SELECT  "users".* FROM "users" WHERE "users"."id" = ? LIMIT 1  [["id", "1"]]
  [1m[36mEnrollment Load (0.5ms)[0m  [1mSELECT "enrollments".* FROM "enrollments" WHERE "enrollments"."user_id" = ?[0m  [["user_id", 1]]
  Rendered users/show.html.erb within layouts/application (81.3ms)
  [1m[35mUser Load (0.2ms)[0m  SELECT  "users".* FROM "users" WHERE "users"."id" = ? LIMIT 1  [["id", 1]]
  Rendered layouts/_header.html.erb (3.8ms)
  Rendered layouts/_footer.html.erb (0.4ms)
Completed 200 OK in 265ms (Views: 257.0ms | ActiveRecord: 1.8ms)


Started DELETE "/logout" for 152.7.224.8 at 2016-02-26 19:55:54 -0500
Processing by SessionsController#destroy as HTML
  Parameters: {"authenticity_token"=>"newsQghu5aW8i/6mzBOnUJ0WaH5twjfcHSxcTr+EYvA9QtXVIya/3r9v82/YstO2tfBqkzN3CcOxpYHBnrk7eQ=="}
Redirected to http://98.26.8.120:434/
Completed 302 Found in 4ms (ActiveRecord: 0.0ms)


Started GET "/" for 152.7.224.8 at 2016-02-26 19:55:54 -0500
Processing by StaticPagesController#home as HTML
  Rendered static_pages/home.html.erb within layouts/application (1.3ms)
  [1m[36mUser Load (0.4ms)[0m  [1mSELECT  "users".* FROM "users" WHERE "users"."id" IS NULL LIMIT 1[0m
  Rendered layouts/_header.html.erb (2.8ms)
  Rendered layouts/_footer.html.erb (0.5ms)
Completed 200 OK in 194ms (Views: 192.1ms | ActiveRecord: 0.4ms)


Started GET "/login" for 152.7.224.8 at 2016-02-26 19:56:06 -0500
Processing by SessionsController#new as HTML
  Rendered sessions/new.html.erb within layouts/application (7.0ms)
  [1m[35mUser Load (0.4ms)[0m  SELECT  "users".* FROM "users" WHERE "users"."id" IS NULL LIMIT 1
  Rendered layouts/_header.html.erb (2.8ms)
  Rendered layouts/_footer.html.erb (0.5ms)
Completed 200 OK in 195ms (Views: 192.7ms | ActiveRecord: 0.4ms)


Started POST "/login" for 152.7.224.8 at 2016-02-26 19:56:13 -0500
Processing by SessionsController#create as HTML
  Parameters: {"utf8"=>"✓", "authenticity_token"=>"Om07Xswo5sddEvmvSlOwP1v2+F629xvEemke1JivIIeaw8LJ52C8vF729GZe8sTZcxD6s+hCJdvW4MNbuZJ5Dg==", "session"=>{"email"=>"admin@example.com", "password"=>"[FILTERED]"}, "commit"=>"Log in"}
  [1m[36mUser Load (0.5ms)[0m  [1mSELECT  "users".* FROM "users" WHERE "users"."email" = ? LIMIT 1[0m  [["email", "admin@example.com"]]
  Rendered sessions/new.html.erb within layouts/application (5.3ms)
  [1m[35mUser Load (0.4ms)[0m  SELECT  "users".* FROM "users" WHERE "users"."id" IS NULL LIMIT 1
  Rendered layouts/_header.html.erb (2.5ms)
  Rendered layouts/_footer.html.erb (0.4ms)
Completed 200 OK in 263ms (Views: 258.5ms | ActiveRecord: 0.9ms)


Started POST "/login" for 152.7.224.8 at 2016-02-26 19:56:26 -0500
Processing by SessionsController#create as HTML
  Parameters: {"utf8"=>"✓", "authenticity_token"=>"winw8TYu/hBko1lHlP9lSHiD3h3oGTqksZYDGxmKKeBihwlmHWaka2dHVI6AXhGuUGXc8LasBLsdH96UOLdwaQ==", "session"=>{"email"=>"admin@example.com", "password"=>"[FILTERED]"}, "commit"=>"Log in"}
  [1m[36mUser Load (0.3ms)[0m  [1mSELECT  "users".* FROM "users" WHERE "users"."email" = ? LIMIT 1[0m  [["email", "admin@example.com"]]
  Rendered sessions/new.html.erb within layouts/application (3.3ms)
  [1m[35mUser Load (0.4ms)[0m  SELECT  "users".* FROM "users" WHERE "users"."id" IS NULL LIMIT 1
  Rendered layouts/_header.html.erb (2.7ms)
  Rendered layouts/_footer.html.erb (0.5ms)
Completed 200 OK in 195ms (Views: 191.3ms | ActiveRecord: 0.6ms)


Started GET "/" for 152.7.224.8 at 2016-02-26 19:56:30 -0500
Processing by StaticPagesController#home as HTML
  Rendered static_pages/home.html.erb within layouts/application (0.9ms)
  [1m[36mUser Load (0.4ms)[0m  [1mSELECT  "users".* FROM "users" WHERE "users"."id" IS NULL LIMIT 1[0m
  Rendered layouts/_header.html.erb (2.7ms)
  Rendered layouts/_footer.html.erb (0.5ms)
Completed 200 OK in 187ms (Views: 185.4ms | ActiveRecord: 0.4ms)


Started GET "/login" for 152.7.224.8 at 2016-02-26 19:57:51 -0500
  [1m[36mActiveRecord::SchemaMigration Load (0.3ms)[0m  [1mSELECT "schema_migrations".* FROM "schema_migrations"[0m
Processing by SessionsController#new as HTML
  Rendered sessions/new.html.erb within layouts/application (33.0ms)
  [1m[35mUser Load (0.3ms)[0m  SELECT  "users".* FROM "users" WHERE "users"."id" IS NULL LIMIT 1
  Rendered layouts/_header.html.erb (32.8ms)
  Rendered layouts/_footer.html.erb (1.3ms)
Completed 200 OK in 739ms (Views: 720.7ms | ActiveRecord: 0.6ms)


Started POST "/login" for 152.7.224.8 at 2016-02-26 19:57:59 -0500
Processing by SessionsController#create as HTML
  Parameters: {"utf8"=>"✓", "authenticity_token"=>"Cl4our5w+5Rg7UA3EPAxsFxuOeA3YVkGFMfmeY6yoPyq8NEtlTih72MJTf4EUUVWdIg7DWnUZxm4Tjv2r4/5dQ==", "session"=>{"email"=>"admin@example.com", "password"=>"[FILTERED]"}, "commit"=>"Log in"}
  [1m[36mUser Load (0.6ms)[0m  [1mSELECT  "users".* FROM "users" WHERE "users"."email" = ? LIMIT 1[0m  [["email", "admin@example.com"]]
  Rendered sessions/new.html.erb within layouts/application (6.2ms)
  [1m[35mUser Load (0.4ms)[0m  SELECT  "users".* FROM "users" WHERE "users"."id" IS NULL LIMIT 1
  Rendered layouts/_header.html.erb (13.4ms)
  Rendered layouts/_footer.html.erb (3.5ms)
Completed 200 OK in 349ms (Views: 335.7ms | ActiveRecord: 1.0ms)


Started POST "/login" for 152.7.224.8 at 2016-02-26 19:58:12 -0500
Processing by SessionsController#create as HTML
  Parameters: {"utf8"=>"✓", "authenticity_token"=>"CUwdkzKeuLwGlamcrO1Nipz8a7IdPpCWRE+4iyvk03yp4uQEGdbixwVxpFW4TDlstBppX0OLronoxmUECtmK9Q==", "session"=>{"email"=>"instructor@example.com", "password"=>"[FILTERED]"}, "commit"=>"Log in"}
  [1m[36mUser Load (0.3ms)[0m  [1mSELECT  "users".* FROM "users" WHERE "users"."email" = ? LIMIT 1[0m  [["email", "instructor@example.com"]]
  Rendered sessions/new.html.erb within layouts/application (4.7ms)
  [1m[35mUser Load (0.3ms)[0m  SELECT  "users".* FROM "users" WHERE "users"."id" IS NULL LIMIT 1
  Rendered layouts/_header.html.erb (2.3ms)
  Rendered layouts/_footer.html.erb (0.4ms)
Completed 200 OK in 244ms (Views: 239.0ms | ActiveRecord: 0.6ms)


Started POST "/login" for 152.7.224.8 at 2016-02-26 19:58:18 -0500
Processing by SessionsController#create as HTML
  Parameters: {"utf8"=>"✓", "authenticity_token"=>"j++athZgxyGfB2bZ6v/wbuCdUsxd1+sS5LqU5xPFOuIvQWMhPSidWpzjaxD+XoSIyHtQIQNi1Q1IM0loMvhjaw==", "session"=>{"email"=>"11@11.com", "password"=>"[FILTERED]"}, "commit"=>"Log in"}
  [1m[36mUser Load (0.3ms)[0m  [1mSELECT  "users".* FROM "users" WHERE "users"."email" = ? LIMIT 1[0m  [["email", "11@11.com"]]
Redirected to http://98.26.8.120:434/users/1
Completed 302 Found in 190ms (ActiveRecord: 1.2ms)


Started GET "/users/1" for 152.7.224.8 at 2016-02-26 19:58:19 -0500
Processing by UsersController#show as HTML
  Parameters: {"id"=>"1"}
  [1m[35mUser Load (0.7ms)[0m  SELECT  "users".* FROM "users" WHERE "users"."id" = ? LIMIT 1  [["id", 1]]
  [1m[36mCACHE (0.1ms)[0m  [1mSELECT  "users".* FROM "users" WHERE "users"."id" = ? LIMIT 1[0m  [["id", "1"]]
  [1m[35mEnrollment Load (0.5ms)[0m  SELECT "enrollments".* FROM "enrollments" WHERE "enrollments"."user_id" = ?  [["user_id", 1]]
  Rendered users/show.html.erb within layouts/application (65.7ms)
  [1m[36mUser Load (0.2ms)[0m  [1mSELECT  "users".* FROM "users" WHERE "users"."id" = ? LIMIT 1[0m  [["id", 1]]
  Rendered layouts/_header.html.erb (3.5ms)
  Rendered layouts/_footer.html.erb (0.4ms)
Completed 200 OK in 230ms (Views: 221.3ms | ActiveRecord: 1.9ms)


Started GET "/users/1" for 152.7.224.8 at 2016-02-26 19:58:24 -0500
Processing by UsersController#show as HTML
  Parameters: {"id"=>"1"}
  [1m[35mUser Load (0.3ms)[0m  SELECT  "users".* FROM "users" WHERE "users"."id" = ? LIMIT 1  [["id", 1]]
  [1m[36mCACHE (0.1ms)[0m  [1mSELECT  "users".* FROM "users" WHERE "users"."id" = ? LIMIT 1[0m  [["id", "1"]]
  [1m[35mEnrollment Load (0.3ms)[0m  SELECT "enrollments".* FROM "enrollments" WHERE "enrollments"."user_id" = ?  [["user_id", 1]]
  Rendered users/show.html.erb within layouts/application (7.2ms)
  [1m[36mUser Load (0.2ms)[0m  [1mSELECT  "users".* FROM "users" WHERE "users"."id" = ? LIMIT 1[0m  [["id", 1]]
  Rendered layouts/_header.html.erb (3.1ms)
  Rendered layouts/_footer.html.erb (0.5ms)
Completed 200 OK in 191ms (Views: 184.5ms | ActiveRecord: 0.8ms)


Started GET "/users/1/edit" for 152.7.224.8 at 2016-02-26 19:58:28 -0500
Processing by UsersController#edit as HTML
  Parameters: {"id"=>"1"}
  [1m[35mUser Load (0.3ms)[0m  SELECT  "users".* FROM "users" WHERE "users"."id" = ? LIMIT 1  [["id", 1]]
  Rendered users/_form.html.erb (20.8ms)
  Rendered users/edit.html.erb within layouts/application (26.9ms)
  [1m[36mUser Load (0.2ms)[0m  [1mSELECT  "users".* FROM "users" WHERE "users"."id" = ? LIMIT 1[0m  [["id", 1]]
  Rendered layouts/_header.html.erb (2.9ms)
  Rendered layouts/_footer.html.erb (0.5ms)
Completed 200 OK in 203ms (Views: 198.6ms | ActiveRecord: 0.5ms)


Started DELETE "/logout" for 152.7.224.8 at 2016-02-26 19:58:32 -0500
Processing by SessionsController#destroy as HTML
  Parameters: {"authenticity_token"=>"YBPANASI2wsN65BRM1DCGAgLYrOHgNztkhx+Vvbz1/XAvTmjL8CBcA4PnZgn8bb+IO1gXtk14vI+laPZ186OfA=="}
Redirected to http://98.26.8.120:434/
Completed 302 Found in 3ms (ActiveRecord: 0.0ms)


Started GET "/" for 152.7.224.8 at 2016-02-26 19:58:33 -0500
Processing by StaticPagesController#home as HTML
  Rendered static_pages/home.html.erb within layouts/application (2.2ms)
  [1m[35mUser Load (0.4ms)[0m  SELECT  "users".* FROM "users" WHERE "users"."id" IS NULL LIMIT 1
  Rendered layouts/_header.html.erb (3.0ms)
  Rendered layouts/_footer.html.erb (0.6ms)
Completed 200 OK in 186ms (Views: 184.2ms | ActiveRecord: 0.4ms)


Started GET "/login" for 152.7.224.8 at 2016-02-26 19:58:36 -0500
Processing by SessionsController#new as HTML
  Rendered sessions/new.html.erb within layouts/application (3.6ms)
  [1m[36mUser Load (0.4ms)[0m  [1mSELECT  "users".* FROM "users" WHERE "users"."id" IS NULL LIMIT 1[0m
  Rendered layouts/_header.html.erb (3.4ms)
  Rendered layouts/_footer.html.erb (0.6ms)
Completed 200 OK in 196ms (Views: 193.7ms | ActiveRecord: 0.4ms)


Started POST "/login" for 152.7.224.8 at 2016-02-26 19:58:45 -0500
Processing by SessionsController#create as HTML
  Parameters: {"utf8"=>"✓", "authenticity_token"=>"UK3hqDkXlf98J5sORK3acDX0vO0kfhazSdUs7SaS3sLwAxg/El/PhH/DlsdQDK6WHRK+AHrLKKzlXPFiB6+HSw==", "session"=>{"email"=>"admin@example.com", "password"=>"[FILTERED]"}, "commit"=>"Log in"}
  [1m[35mUser Load (0.3ms)[0m  SELECT  "users".* FROM "users" WHERE "users"."email" = ? LIMIT 1  [["email", "admin@example.com"]]
  Rendered sessions/new.html.erb within layouts/application (3.3ms)
  [1m[36mUser Load (0.4ms)[0m  [1mSELECT  "users".* FROM "users" WHERE "users"."id" IS NULL LIMIT 1[0m
  Rendered layouts/_header.html.erb (3.0ms)
  Rendered layouts/_footer.html.erb (0.5ms)
Completed 200 OK in 191ms (Views: 187.1ms | ActiveRecord: 0.7ms)


Started GET "/" for 152.7.224.8 at 2016-02-26 20:01:13 -0500
Processing by StaticPagesController#home as HTML
  Rendered static_pages/home.html.erb within layouts/application (0.9ms)
  [1m[35mUser Load (0.4ms)[0m  SELECT  "users".* FROM "users" WHERE "users"."id" IS NULL LIMIT 1
  Rendered layouts/_header.html.erb (2.8ms)
  Rendered layouts/_footer.html.erb (0.4ms)
Completed 200 OK in 181ms (Views: 178.6ms | ActiveRecord: 0.4ms)


Started GET "/login" for 152.7.224.8 at 2016-02-26 20:03:09 -0500
Processing by SessionsController#new as HTML
  Rendered sessions/new.html.erb within layouts/application (3.3ms)
  [1m[36mUser Load (0.4ms)[0m  [1mSELECT  "users".* FROM "users" WHERE "users"."id" IS NULL LIMIT 1[0m
  Rendered layouts/_header.html.erb (3.4ms)
  Rendered layouts/_footer.html.erb (0.6ms)
Completed 200 OK in 195ms (Views: 193.2ms | ActiveRecord: 0.4ms)


Started POST "/login" for 152.7.224.8 at 2016-02-26 20:10:13 -0500
Processing by SessionsController#create as HTML
  Parameters: {"utf8"=>"✓", "authenticity_token"=>"Pi1DB3vAhvX83DhvjG567QFhzZcZMqPt30ISkeVxBRWeg7qQUIjcjv84NaaYzw4LKYfPekeHnfJzy88exExcnA==", "session"=>{"email"=>"11@11.com", "password"=>"[FILTERED]"}, "commit"=>"Log in"}
  [1m[35mUser Load (0.3ms)[0m  SELECT  "users".* FROM "users" WHERE "users"."email" = ? LIMIT 1  [["email", "11@11.com"]]
Redirected to http://98.26.8.120:434/users/1
Completed 302 Found in 163ms (ActiveRecord: 0.3ms)


Started GET "/users/1" for 152.7.224.8 at 2016-02-26 20:10:13 -0500
Processing by UsersController#show as HTML
  Parameters: {"id"=>"1"}
  [1m[36mUser Load (0.3ms)[0m  [1mSELECT  "users".* FROM "users" WHERE "users"."id" = ? LIMIT 1[0m  [["id", 1]]
  [1m[35mCACHE (0.1ms)[0m  SELECT  "users".* FROM "users" WHERE "users"."id" = ? LIMIT 1  [["id", "1"]]
  [1m[36mEnrollment Load (0.2ms)[0m  [1mSELECT "enrollments".* FROM "enrollments" WHERE "enrollments"."user_id" = ?[0m  [["user_id", 1]]
  Rendered users/show.html.erb within layouts/application (3.1ms)
  [1m[35mUser Load (0.2ms)[0m  SELECT  "users".* FROM "users" WHERE "users"."id" = ? LIMIT 1  [["id", 1]]
  Rendered layouts/_header.html.erb (2.8ms)
  Rendered layouts/_footer.html.erb (0.4ms)
Completed 200 OK in 179ms (Views: 173.3ms | ActiveRecord: 0.9ms)


Started GET "/login" for 152.7.224.8 at 2016-02-26 20:10:34 -0500
Processing by SessionsController#new as HTML
  Rendered sessions/new.html.erb within layouts/application (3.2ms)
  [1m[36mUser Load (0.2ms)[0m  [1mSELECT  "users".* FROM "users" WHERE "users"."id" = ? LIMIT 1[0m  [["id", 1]]
  Rendered layouts/_header.html.erb (2.4ms)
  Rendered layouts/_footer.html.erb (0.4ms)
Completed 200 OK in 200ms (Views: 198.2ms | ActiveRecord: 0.2ms)


Started DELETE "/logout" for 152.7.224.8 at 2016-02-26 20:10:37 -0500
Processing by SessionsController#destroy as HTML
  Parameters: {"authenticity_token"=>"P7T/3RSt6ABAIcpoGFbldcRp3YJZ5MAca3td5xSXjYefGgZKP+Wye0PFx6EM95GT7I/fbwdR/gPH8oBoNarUDg=="}
Redirected to http://98.26.8.120:434/
Completed 302 Found in 3ms (ActiveRecord: 0.0ms)


Started GET "/" for 152.7.224.8 at 2016-02-26 20:10:37 -0500
Processing by StaticPagesController#home as HTML
  Rendered static_pages/home.html.erb within layouts/application (0.8ms)
  [1m[35mUser Load (0.4ms)[0m  SELECT  "users".* FROM "users" WHERE "users"."id" IS NULL LIMIT 1
  Rendered layouts/_header.html.erb (2.6ms)
  Rendered layouts/_footer.html.erb (0.5ms)
Completed 200 OK in 182ms (Views: 180.2ms | ActiveRecord: 0.4ms)


Started GET "/login" for 152.7.224.8 at 2016-02-26 20:10:39 -0500
Processing by SessionsController#new as HTML
  Rendered sessions/new.html.erb within layouts/application (3.4ms)
  [1m[36mUser Load (0.4ms)[0m  [1mSELECT  "users".* FROM "users" WHERE "users"."id" IS NULL LIMIT 1[0m
  Rendered layouts/_header.html.erb (3.1ms)
  Rendered layouts/_footer.html.erb (0.6ms)
Completed 200 OK in 199ms (Views: 197.1ms | ActiveRecord: 0.4ms)


Started GET "/login" for 152.7.224.8 at 2016-02-26 20:10:48 -0500
Processing by SessionsController#new as HTML
  Rendered sessions/new.html.erb within layouts/application (5.3ms)
  [1m[35mUser Load (0.4ms)[0m  SELECT  "users".* FROM "users" WHERE "users"."id" IS NULL LIMIT 1
  Rendered layouts/_header.html.erb (2.8ms)
  Rendered layouts/_footer.html.erb (0.5ms)
Completed 200 OK in 185ms (Views: 182.9ms | ActiveRecord: 0.4ms)


Started GET "/assets/courses.self-e3b0c44298fc1c149afbf4c8996fb92427ae41e4649b934ca495991b7852b855.css?body=1" for 152.7.224.8 at 2016-02-26 20:10:48 -0500


Started GET "/assets/enrollments.self-e3b0c44298fc1c149afbf4c8996fb92427ae41e4649b934ca495991b7852b855.css?body=1" for 152.7.224.8 at 2016-02-26 20:10:48 -0500


Started GET "/assets/sessions.self-e3b0c44298fc1c149afbf4c8996fb92427ae41e4649b934ca495991b7852b855.css?body=1" for 152.7.224.8 at 2016-02-26 20:10:48 -0500


Started GET "/assets/materials.self-e3b0c44298fc1c149afbf4c8996fb92427ae41e4649b934ca495991b7852b855.css?body=1" for 152.7.224.8 at 2016-02-26 20:10:48 -0500


Started GET "/assets/custom.self-b55d81cc4c34f255079e769180adf408a5d9144ece9a744535898307590300bb.css?body=1" for 152.7.224.8 at 2016-02-26 20:10:48 -0500


Started GET "/assets/static_pages.self-e3b0c44298fc1c149afbf4c8996fb92427ae41e4649b934ca495991b7852b855.css?body=1" for 152.7.224.8 at 2016-02-26 20:10:48 -0500


Started GET "/assets/application.self-e80e8f2318043e8af94dddc2adad5a4f09739a8ebb323b3ab31cd71d45fd9113.css?body=1" for 152.7.224.8 at 2016-02-26 20:10:48 -0500


Started GET "/assets/scaffolds.self-374417ae0ad985de8c47b3ad2e149c4ab5f5a825076384bc99dfff3f3d6c88ba.css?body=1" for 152.7.224.8 at 2016-02-26 20:10:48 -0500


Started GET "/assets/users.self-e3b0c44298fc1c149afbf4c8996fb92427ae41e4649b934ca495991b7852b855.css?body=1" for 152.7.224.8 at 2016-02-26 20:10:48 -0500


Started GET "/assets/jquery.self-d03a5518f45df77341bdbe6201ba3bfa547ebba8ed64f0ea56bfa5f96ea7c074.js?body=1" for 152.7.224.8 at 2016-02-26 20:10:48 -0500


Started GET "/assets/jquery_ujs.self-8e98a7a072a6cee1372d19fff9ff3e6aa1e39a37d89d6f06861637d061113ee7.js?body=1" for 152.7.224.8 at 2016-02-26 20:10:48 -0500


Started GET "/assets/turbolinks.self-c846e670826600e8c91b1a5ada3e6547110d996cd6ff24cde55024f7a135a1b4.js?body=1" for 152.7.224.8 at 2016-02-26 20:10:48 -0500


Started GET "/assets/bootstrap.self-cdea7efeac1597b89ddd6fd86b0e8e0bec5d5fb1fac9c6e8a045f2c59eef2d13.js?body=1" for 152.7.224.8 at 2016-02-26 20:10:48 -0500


Started GET "/assets/courses.self-877aef30ae1b040ab8a3aba4e3e309a11d7f2612f44dde450b5c157aa5f95c05.js?body=1" for 152.7.224.8 at 2016-02-26 20:10:49 -0500


Started GET "/assets/enrollments.self-877aef30ae1b040ab8a3aba4e3e309a11d7f2612f44dde450b5c157aa5f95c05.js?body=1" for 152.7.224.8 at 2016-02-26 20:10:49 -0500


Started GET "/assets/materials.self-877aef30ae1b040ab8a3aba4e3e309a11d7f2612f44dde450b5c157aa5f95c05.js?body=1" for 152.7.224.8 at 2016-02-26 20:10:49 -0500


Started GET "/assets/sessions.self-877aef30ae1b040ab8a3aba4e3e309a11d7f2612f44dde450b5c157aa5f95c05.js?body=1" for 152.7.224.8 at 2016-02-26 20:10:49 -0500


Started GET "/assets/static_pages.self-877aef30ae1b040ab8a3aba4e3e309a11d7f2612f44dde450b5c157aa5f95c05.js?body=1" for 152.7.224.8 at 2016-02-26 20:10:49 -0500


Started GET "/assets/users.self-877aef30ae1b040ab8a3aba4e3e309a11d7f2612f44dde450b5c157aa5f95c05.js?body=1" for 152.7.224.8 at 2016-02-26 20:10:49 -0500


Started GET "/assets/application.self-f8806224e027f3e3f0138ea9ce99319e298dfdb323304d1f1be6eae8e8c74724.js?body=1" for 152.7.224.8 at 2016-02-26 20:10:49 -0500


Started GET "/" for 152.7.224.8 at 2016-02-26 20:10:52 -0500
Processing by StaticPagesController#home as HTML
  Rendered static_pages/home.html.erb within layouts/application (1.9ms)
  [1m[36mUser Load (0.4ms)[0m  [1mSELECT  "users".* FROM "users" WHERE "users"."id" IS NULL LIMIT 1[0m
  Rendered layouts/_header.html.erb (3.2ms)
  Rendered layouts/_footer.html.erb (0.6ms)
Completed 200 OK in 199ms (Views: 197.1ms | ActiveRecord: 0.4ms)


Started GET "/login" for 152.7.224.8 at 2016-02-26 20:10:53 -0500
Processing by SessionsController#new as HTML
  Rendered sessions/new.html.erb within layouts/application (5.4ms)
  [1m[35mUser Load (0.4ms)[0m  SELECT  "users".* FROM "users" WHERE "users"."id" IS NULL LIMIT 1
  Rendered layouts/_header.html.erb (2.5ms)
  Rendered layouts/_footer.html.erb (0.4ms)
Completed 200 OK in 187ms (Views: 184.9ms | ActiveRecord: 0.4ms)


Started GET "/" for 152.7.224.8 at 2016-02-26 20:11:13 -0500
Processing by StaticPagesController#home as HTML
  Rendered static_pages/home.html.erb within layouts/application (0.8ms)
  [1m[36mUser Load (0.4ms)[0m  [1mSELECT  "users".* FROM "users" WHERE "users"."id" IS NULL LIMIT 1[0m
  Rendered layouts/_header.html.erb (2.6ms)
  Rendered layouts/_footer.html.erb (0.4ms)
Completed 200 OK in 176ms (Views: 174.3ms | ActiveRecord: 0.4ms)


Started GET "/login" for 152.7.224.8 at 2016-02-26 20:11:17 -0500
Processing by SessionsController#new as HTML
  Rendered sessions/new.html.erb within layouts/application (3.2ms)
  [1m[35mUser Load (0.5ms)[0m  SELECT  "users".* FROM "users" WHERE "users"."id" IS NULL LIMIT 1
  Rendered layouts/_header.html.erb (3.1ms)
  Rendered layouts/_footer.html.erb (0.6ms)
Completed 200 OK in 187ms (Views: 185.3ms | ActiveRecord: 0.5ms)


Started GET "/login" for 152.7.224.8 at 2016-02-26 20:11:29 -0500
Processing by SessionsController#new as HTML
  Rendered sessions/new.html.erb within layouts/application (5.0ms)
  [1m[36mUser Load (0.4ms)[0m  [1mSELECT  "users".* FROM "users" WHERE "users"."id" IS NULL LIMIT 1[0m
  Rendered layouts/_header.html.erb (2.5ms)
  Rendered layouts/_footer.html.erb (0.5ms)
Completed 200 OK in 177ms (Views: 175.2ms | ActiveRecord: 0.4ms)


Started GET "/assets/courses.self-e3b0c44298fc1c149afbf4c8996fb92427ae41e4649b934ca495991b7852b855.css?body=1" for 152.7.224.8 at 2016-02-26 20:11:30 -0500


Started GET "/assets/custom.self-b55d81cc4c34f255079e769180adf408a5d9144ece9a744535898307590300bb.css?body=1" for 152.7.224.8 at 2016-02-26 20:11:30 -0500


Started GET "/assets/scaffolds.self-374417ae0ad985de8c47b3ad2e149c4ab5f5a825076384bc99dfff3f3d6c88ba.css?body=1" for 152.7.224.8 at 2016-02-26 20:11:30 -0500


Started GET "/assets/sessions.self-e3b0c44298fc1c149afbf4c8996fb92427ae41e4649b934ca495991b7852b855.css?body=1" for 152.7.224.8 at 2016-02-26 20:11:30 -0500


Started GET "/assets/materials.self-e3b0c44298fc1c149afbf4c8996fb92427ae41e4649b934ca495991b7852b855.css?body=1" for 152.7.224.8 at 2016-02-26 20:11:30 -0500


Started GET "/assets/enrollments.self-e3b0c44298fc1c149afbf4c8996fb92427ae41e4649b934ca495991b7852b855.css?body=1" for 152.7.224.8 at 2016-02-26 20:11:30 -0500


Started GET "/assets/static_pages.self-e3b0c44298fc1c149afbf4c8996fb92427ae41e4649b934ca495991b7852b855.css?body=1" for 152.7.224.8 at 2016-02-26 20:11:30 -0500


Started GET "/assets/users.self-e3b0c44298fc1c149afbf4c8996fb92427ae41e4649b934ca495991b7852b855.css?body=1" for 152.7.224.8 at 2016-02-26 20:11:30 -0500


Started GET "/assets/application.self-e80e8f2318043e8af94dddc2adad5a4f09739a8ebb323b3ab31cd71d45fd9113.css?body=1" for 152.7.224.8 at 2016-02-26 20:11:30 -0500


Started GET "/assets/jquery.self-d03a5518f45df77341bdbe6201ba3bfa547ebba8ed64f0ea56bfa5f96ea7c074.js?body=1" for 152.7.224.8 at 2016-02-26 20:11:30 -0500


Started GET "/assets/jquery_ujs.self-8e98a7a072a6cee1372d19fff9ff3e6aa1e39a37d89d6f06861637d061113ee7.js?body=1" for 152.7.224.8 at 2016-02-26 20:11:30 -0500


Started GET "/assets/bootstrap.self-cdea7efeac1597b89ddd6fd86b0e8e0bec5d5fb1fac9c6e8a045f2c59eef2d13.js?body=1" for 152.7.224.8 at 2016-02-26 20:11:30 -0500


Started GET "/assets/turbolinks.self-c846e670826600e8c91b1a5ada3e6547110d996cd6ff24cde55024f7a135a1b4.js?body=1" for 152.7.224.8 at 2016-02-26 20:11:30 -0500


Started GET "/assets/courses.self-877aef30ae1b040ab8a3aba4e3e309a11d7f2612f44dde450b5c157aa5f95c05.js?body=1" for 152.7.224.8 at 2016-02-26 20:11:30 -0500


Started GET "/assets/enrollments.self-877aef30ae1b040ab8a3aba4e3e309a11d7f2612f44dde450b5c157aa5f95c05.js?body=1" for 152.7.224.8 at 2016-02-26 20:11:30 -0500


Started GET "/assets/materials.self-877aef30ae1b040ab8a3aba4e3e309a11d7f2612f44dde450b5c157aa5f95c05.js?body=1" for 152.7.224.8 at 2016-02-26 20:11:30 -0500


Started GET "/assets/sessions.self-877aef30ae1b040ab8a3aba4e3e309a11d7f2612f44dde450b5c157aa5f95c05.js?body=1" for 152.7.224.8 at 2016-02-26 20:11:30 -0500


Started GET "/assets/static_pages.self-877aef30ae1b040ab8a3aba4e3e309a11d7f2612f44dde450b5c157aa5f95c05.js?body=1" for 152.7.224.8 at 2016-02-26 20:11:30 -0500


Started GET "/assets/users.self-877aef30ae1b040ab8a3aba4e3e309a11d7f2612f44dde450b5c157aa5f95c05.js?body=1" for 152.7.224.8 at 2016-02-26 20:11:30 -0500


Started GET "/assets/application.self-f8806224e027f3e3f0138ea9ce99319e298dfdb323304d1f1be6eae8e8c74724.js?body=1" for 152.7.224.8 at 2016-02-26 20:11:30 -0500


Started GET "/login" for 152.7.224.8 at 2016-02-26 20:11:54 -0500
Processing by SessionsController#new as HTML
  Rendered sessions/new.html.erb within layouts/application (5.7ms)
  [1m[35mUser Load (0.4ms)[0m  SELECT  "users".* FROM "users" WHERE "users"."id" IS NULL LIMIT 1
  Rendered layouts/_header.html.erb (2.7ms)
  Rendered layouts/_footer.html.erb (0.4ms)
Completed 200 OK in 189ms (Views: 187.6ms | ActiveRecord: 0.4ms)


Started GET "/assets/custom.self-b55d81cc4c34f255079e769180adf408a5d9144ece9a744535898307590300bb.css?body=1" for 152.7.224.8 at 2016-02-26 20:11:54 -0500


Started GET "/assets/courses.self-e3b0c44298fc1c149afbf4c8996fb92427ae41e4649b934ca495991b7852b855.css?body=1" for 152.7.224.8 at 2016-02-26 20:11:54 -0500


Started GET "/assets/enrollments.self-e3b0c44298fc1c149afbf4c8996fb92427ae41e4649b934ca495991b7852b855.css?body=1" for 152.7.224.8 at 2016-02-26 20:11:54 -0500


Started GET "/assets/scaffolds.self-374417ae0ad985de8c47b3ad2e149c4ab5f5a825076384bc99dfff3f3d6c88ba.css?body=1" for 152.7.224.8 at 2016-02-26 20:11:54 -0500


Started GET "/assets/materials.self-e3b0c44298fc1c149afbf4c8996fb92427ae41e4649b934ca495991b7852b855.css?body=1" for 152.7.224.8 at 2016-02-26 20:11:54 -0500


Started GET "/assets/sessions.self-e3b0c44298fc1c149afbf4c8996fb92427ae41e4649b934ca495991b7852b855.css?body=1" for 152.7.224.8 at 2016-02-26 20:11:54 -0500


Started GET "/assets/users.self-e3b0c44298fc1c149afbf4c8996fb92427ae41e4649b934ca495991b7852b855.css?body=1" for 152.7.224.8 at 2016-02-26 20:11:54 -0500


Started GET "/assets/static_pages.self-e3b0c44298fc1c149afbf4c8996fb92427ae41e4649b934ca495991b7852b855.css?body=1" for 152.7.224.8 at 2016-02-26 20:11:54 -0500


Started GET "/assets/application.self-e80e8f2318043e8af94dddc2adad5a4f09739a8ebb323b3ab31cd71d45fd9113.css?body=1" for 152.7.224.8 at 2016-02-26 20:11:54 -0500


Started GET "/assets/jquery.self-d03a5518f45df77341bdbe6201ba3bfa547ebba8ed64f0ea56bfa5f96ea7c074.js?body=1" for 152.7.224.8 at 2016-02-26 20:11:54 -0500


Started GET "/assets/jquery_ujs.self-8e98a7a072a6cee1372d19fff9ff3e6aa1e39a37d89d6f06861637d061113ee7.js?body=1" for 152.7.224.8 at 2016-02-26 20:11:54 -0500


Started GET "/assets/turbolinks.self-c846e670826600e8c91b1a5ada3e6547110d996cd6ff24cde55024f7a135a1b4.js?body=1" for 152.7.224.8 at 2016-02-26 20:11:54 -0500


Started GET "/assets/bootstrap.self-cdea7efeac1597b89ddd6fd86b0e8e0bec5d5fb1fac9c6e8a045f2c59eef2d13.js?body=1" for 152.7.224.8 at 2016-02-26 20:11:54 -0500


Started GET "/assets/courses.self-877aef30ae1b040ab8a3aba4e3e309a11d7f2612f44dde450b5c157aa5f95c05.js?body=1" for 152.7.224.8 at 2016-02-26 20:11:54 -0500


Started GET "/assets/enrollments.self-877aef30ae1b040ab8a3aba4e3e309a11d7f2612f44dde450b5c157aa5f95c05.js?body=1" for 152.7.224.8 at 2016-02-26 20:11:54 -0500


Started GET "/assets/materials.self-877aef30ae1b040ab8a3aba4e3e309a11d7f2612f44dde450b5c157aa5f95c05.js?body=1" for 152.7.224.8 at 2016-02-26 20:11:55 -0500


Started GET "/assets/sessions.self-877aef30ae1b040ab8a3aba4e3e309a11d7f2612f44dde450b5c157aa5f95c05.js?body=1" for 152.7.224.8 at 2016-02-26 20:11:55 -0500


Started GET "/assets/static_pages.self-877aef30ae1b040ab8a3aba4e3e309a11d7f2612f44dde450b5c157aa5f95c05.js?body=1" for 152.7.224.8 at 2016-02-26 20:11:55 -0500


Started GET "/assets/users.self-877aef30ae1b040ab8a3aba4e3e309a11d7f2612f44dde450b5c157aa5f95c05.js?body=1" for 152.7.224.8 at 2016-02-26 20:11:55 -0500


Started GET "/assets/application.self-f8806224e027f3e3f0138ea9ce99319e298dfdb323304d1f1be6eae8e8c74724.js?body=1" for 152.7.224.8 at 2016-02-26 20:11:55 -0500


Started GET "/" for 152.7.224.8 at 2016-02-26 20:23:01 -0500
Processing by StaticPagesController#home as HTML
  Rendered static_pages/home.html.erb within layouts/application (0.9ms)
  [1m[36mUser Load (0.4ms)[0m  [1mSELECT  "users".* FROM "users" WHERE "users"."id" IS NULL LIMIT 1[0m
  Rendered layouts/_header.html.erb (2.6ms)
  Rendered layouts/_footer.html.erb (0.5ms)
Completed 200 OK in 177ms (Views: 175.0ms | ActiveRecord: 0.4ms)


Started GET "/login" for 152.7.224.8 at 2016-02-26 20:23:08 -0500
Processing by SessionsController#new as HTML
  Rendered sessions/new.html.erb within layouts/application (5.2ms)
  [1m[35mUser Load (0.4ms)[0m  SELECT  "users".* FROM "users" WHERE "users"."id" IS NULL LIMIT 1
  Rendered layouts/_header.html.erb (3.2ms)
  Rendered layouts/_footer.html.erb (0.6ms)
Completed 200 OK in 183ms (Views: 181.4ms | ActiveRecord: 0.4ms)


Started POST "/login" for 152.7.224.8 at 2016-02-26 20:23:18 -0500
Processing by SessionsController#create as HTML
  Parameters: {"utf8"=>"✓", "authenticity_token"=>"b0Vy4yiu3pc+BdazcZ96UZsGIA3qk4GS4DEWRF+CFNnP64t0A+aE7D3h23plPg63s+Ai4LQmv41MuMvLfr9NUA==", "session"=>{"email"=>"admin@example.com", "password"=>"[FILTERED]"}, "commit"=>"Log in"}
  [1m[36mUser Load (0.2ms)[0m  [1mSELECT  "users".* FROM "users" WHERE "users"."email" = ? LIMIT 1[0m  [["email", "admin@example.com"]]
  Rendered sessions/new.html.erb within layouts/application (3.3ms)
  [1m[35mUser Load (0.4ms)[0m  SELECT  "users".* FROM "users" WHERE "users"."id" IS NULL LIMIT 1
  Rendered layouts/_header.html.erb (2.7ms)
  Rendered layouts/_footer.html.erb (0.5ms)
Completed 200 OK in 176ms (Views: 172.2ms | ActiveRecord: 0.7ms)
